<?xml version="1.0" encoding="UTF-8" ?>
<testsuites>
<testsuite name="parser" errors="0" tests="0" failures="0" time="0" timestamp="2014-01-02T18:48:47">
</testsuite>
<testsuite name="parser.root" errors="0" tests="8" failures="0" time="6.586" timestamp="2014-01-02T18:48:41">
  <testcase classname="parser.root" name="should fail: The first line must be: #%RAML 0.8" time="0.112"></testcase>
  <testcase classname="parser.root" name="should fail: unsupported raml version #%RAML 0.1" time="0.229"></testcase>
  <testcase classname="parser.root" name="should fail: document must be a map---" time="0.215"></testcase>
  <testcase classname="parser.root" name="should fail: document must be a map(titl)" time="0.196"></testcase>
  <testcase classname="parser.root" name="should fail: empty document (only comments)" time="0.172"></testcase>
  <testcase classname="parser.root" name="should fail: block map end ..." time="0.185"></testcase>
  <testcase classname="parser.root" name="should fail: missing title" time="0.171"></testcase>
  <testcase classname="parser.root" name="should fail: missing version" time="0.169"></testcase>
</testsuite>
<testsuite name="parser.root.include" errors="0" tests="2" failures="0" time="1.098" timestamp="2014-01-02T18:48:40">
  <testcase classname="parser.root.include" name="broken links" time="0.912"></testcase>
  <testcase classname="parser.root.include" name="file name/URL cannot be null" time="0.186"></testcase>
</testsuite>
<testsuite name="parser.root.baseUri" errors="0" tests="1" failures="0" time="0.179" timestamp="2014-01-02T18:48:42">
  <testcase classname="parser.root.baseUri" name="should fail: baseUri must have a value" time="0.179"></testcase>
</testsuite>
<testsuite name="parser.root.baseUriParameters" errors="0" tests="4" failures="0" time="0.71" timestamp="2014-01-02T18:48:42">
  <testcase classname="parser.root.baseUriParameters" name="should fail: invalid map - baseUriParameters/Uri1/{require}" time="0.166"></testcase>
  <testcase classname="parser.root.baseUriParameters" name="should fail: baseUriParameter - version parameter not allowed here" time="0.185"></testcase>
  <testcase classname="parser.root.baseUriParameters" name="should fail when no baseUri is defined" time="0.179"></testcase>
  <testcase classname="parser.root.baseUriParameters" name="should fail: uri parameter unused" time="0.18"></testcase>
</testsuite>
<testsuite name="parser.root.Documentation" errors="0" tests="10" failures="0" time="1.821" timestamp="2014-01-02T18:48:43">
  <testcase classname="parser.root.Documentation" name="should fail: Documentation - unkown property Documentation" time="0.17"></testcase>
  <testcase classname="parser.root.Documentation" name="should fail: documentation must be an array" time="0.19"></testcase>
  <testcase classname="parser.root.Documentation" name="should fail: each documentation section must be a map" time="0.179"></testcase>
  <testcase classname="parser.root.Documentation" name="should fail: title must be a string" time="0.189"></testcase>
  <testcase classname="parser.root.Documentation" name="should fail: content must be a string" time="0.178"></testcase>
  <testcase classname="parser.root.Documentation" name="should fail: a documentation entry must have a content property" time="0.193"></testcase>
  <testcase classname="parser.root.Documentation" name="should fail: a documentation entry must have title property" time="0.177"></testcase>
  <testcase classname="parser.root.Documentation" name="should fail: root property already used documentation" time="0.18"></testcase>
  <testcase classname="parser.root.Documentation" name="should fail: property already used title" time="0.178"></testcase>
  <testcase classname="parser.root.Documentation" name="should fail: property already used content" time="0.183"></testcase>
</testsuite>
<testsuite name="parser.root.protocols" errors="0" tests="4" failures="0" time="0.714" timestamp="2014-01-02T18:48:45">
  <testcase classname="parser.root.protocols" name="should fail: root property already used protocol" time="0.167"></testcase>
  <testcase classname="parser.root.protocols" name="should fail: protocol property must be an array" time="0.176"></testcase>
  <testcase classname="parser.root.protocols" name="should fail: protocol value must be a string" time="0.188"></testcase>
  <testcase classname="parser.root.protocols" name="should fail: only HTTP and HTTPS values are allowed" time="0.182"></testcase>
</testsuite>
<testsuite name="parser.root.schemas" errors="0" tests="1" failures="0" time="0.164" timestamp="2014-01-02T18:48:46">
  <testcase classname="parser.root.schemas" name="should fail: schemas property must be an array" time="0.164"></testcase>
</testsuite>
<testsuite name="parser.root.keys duplicated" errors="0" tests="9" failures="0" time="1.548" timestamp="2014-01-02T18:48:46">
  <testcase classname="parser.root.keys duplicated" name="should fail: root property already used title" time="0.172"></testcase>
  <testcase classname="parser.root.keys duplicated" name="should fail: root property already used version" time="0.173"></testcase>
  <testcase classname="parser.root.keys duplicated" name="should fail: root property already used baseUri" time="0.167"></testcase>
  <testcase classname="parser.root.keys duplicated" name="should fail: root property already used baseUriParameters" time="0.164"></testcase>
  <testcase classname="parser.root.keys duplicated" name="should fail: root property already used mediaType" time="0.171"></testcase>
  <testcase classname="parser.root.keys duplicated" name="should fail: root property already used traits" time="0.18"></testcase>
  <testcase classname="parser.root.keys duplicated" name="should fail: root property already used resourceTypes" time="0.182"></testcase>
  <testcase classname="parser.root.keys duplicated" name="should fail: root property already used schemas" time="0.158"></testcase>
  <testcase classname="parser.root.keys duplicated" name="should fail: root property already used securitySchemes" time="0.181"></testcase>
</testsuite>
</testsuites>